2022-11-15 10:59:21,686 INFO o.a.j.u.JMeterUtils: Setting Locale to en_EN
2022-11-15 10:59:21,693 INFO o.a.j.JMeter: Loading user properties from: C:\JMeter\apache-jmeter-5.5\bin\user.properties
2022-11-15 10:59:21,694 INFO o.a.j.JMeter: Loading system properties from: C:\JMeter\apache-jmeter-5.5\bin\system.properties
2022-11-15 10:59:21,698 INFO o.a.j.JMeter: Copyright (c) 1998-2022 The Apache Software Foundation
2022-11-15 10:59:21,698 INFO o.a.j.JMeter: Version 5.5
2022-11-15 10:59:21,698 INFO o.a.j.JMeter: java.version=1.8.0_351
2022-11-15 10:59:21,698 INFO o.a.j.JMeter: java.vm.name=Java HotSpot(TM) Client VM
2022-11-15 10:59:21,699 INFO o.a.j.JMeter: os.name=Windows 10
2022-11-15 10:59:21,699 INFO o.a.j.JMeter: os.arch=x86
2022-11-15 10:59:21,699 INFO o.a.j.JMeter: os.version=10.0
2022-11-15 10:59:21,699 INFO o.a.j.JMeter: file.encoding=Cp1252
2022-11-15 10:59:21,699 INFO o.a.j.JMeter: java.awt.headless=null
2022-11-15 10:59:21,699 INFO o.a.j.JMeter: Max memory     =1073741824
2022-11-15 10:59:21,699 INFO o.a.j.JMeter: Available Processors =8
2022-11-15 10:59:21,701 INFO o.a.j.JMeter: Default Locale=English (EN)
2022-11-15 10:59:21,702 INFO o.a.j.JMeter: JMeter  Locale=English (EN)
2022-11-15 10:59:21,702 INFO o.a.j.JMeter: JMeterHome=C:\JMeter\apache-jmeter-5.5
2022-11-15 10:59:21,702 INFO o.a.j.JMeter: user.dir  =C:\SEBI\_github\redtoblue
2022-11-15 10:59:21,702 INFO o.a.j.JMeter: PWD       =C:\SEBI\_github\redtoblue
2022-11-15 10:59:21,703 INFO o.a.j.JMeter: IP: 192.168.1.7 Name: EPROBUCW00F1 FullName: EPROBUCW00F1
2022-11-15 10:59:21,713 INFO o.a.j.JMeter: Loaded icon properties from org/apache/jmeter/images/icon.properties
2022-11-15 10:59:21,818 INFO o.a.j.JMeterGuiLauncher: Setting LAF to: com.github.weisj.darklaf.DarkLaf:com.github.weisj.darklaf.theme.DarculaTheme
2022-11-15 10:59:22,967 INFO o.j.r.JARSourceHTTP: Found cached repo
2022-11-15 10:59:23,075 INFO o.j.r.PluginManager: Plugins Status: [jpgc-dummy=0.4, jpgc-plugins-manager=1.8, bzm-random-csv=0.8, jmeter-core=5.5, jmeter-ftp=5.5, jmeter-http=5.5, jmeter-jdbc=5.5, jmeter-jms=5.5, jmeter-junit=5.5, jmeter-java=5.5, jmeter-ldap=5.5, jmeter-mail=5.5, jmeter-mongodb=5.5, jmeter-native=5.5, jmeter-tcp=5.5, jmeter-components=5.5]
2022-11-15 10:59:23,976 INFO o.a.j.JMeterGuiLauncher: Loading file: redtoblue.jmx
2022-11-15 10:59:23,977 INFO o.a.j.s.FileServer: Default base='C:\SEBI\_github\redtoblue'
2022-11-15 10:59:23,978 INFO o.a.j.s.FileServer: Set new base='C:\SEBI\_github\redtoblue'
2022-11-15 10:59:24,066 INFO o.a.j.s.SaveService: Testplan (JMX) version: 2.2. Testlog (JTL) version: 2.2
2022-11-15 10:59:24,076 INFO o.a.j.s.SaveService: Using SaveService properties file encoding UTF-8
2022-11-15 10:59:24,077 INFO o.a.j.s.SaveService: Using SaveService properties version 5.0
2022-11-15 10:59:24,080 INFO o.a.j.s.SaveService: Loading file: redtoblue.jmx
2022-11-15 10:59:24,165 INFO o.a.j.p.h.s.HTTPSamplerBase: Parser for text/html is org.apache.jmeter.protocol.http.parser.LagartoBasedHtmlParser
2022-11-15 10:59:24,165 INFO o.a.j.p.h.s.HTTPSamplerBase: Parser for application/xhtml+xml is org.apache.jmeter.protocol.http.parser.LagartoBasedHtmlParser
2022-11-15 10:59:24,165 INFO o.a.j.p.h.s.HTTPSamplerBase: Parser for application/xml is org.apache.jmeter.protocol.http.parser.LagartoBasedHtmlParser
2022-11-15 10:59:24,165 INFO o.a.j.p.h.s.HTTPSamplerBase: Parser for text/xml is org.apache.jmeter.protocol.http.parser.LagartoBasedHtmlParser
2022-11-15 10:59:24,165 INFO o.a.j.p.h.s.HTTPSamplerBase: Parser for text/vnd.wap.wml is org.apache.jmeter.protocol.http.parser.RegexpHTMLParser
2022-11-15 10:59:24,165 INFO o.a.j.p.h.s.HTTPSamplerBase: Parser for text/css is org.apache.jmeter.protocol.http.parser.CssParser
2022-11-15 10:59:24,247 INFO o.a.j.s.FileServer: Set new base='C:\SEBI\_github\redtoblue'
2022-11-15 10:59:24,516 INFO o.a.j.s.SampleResult: Note: Sample TimeStamps are START times
2022-11-15 10:59:24,516 INFO o.a.j.s.SampleResult: sampleresult.default.encoding is set to ISO-8859-1
2022-11-15 10:59:24,516 INFO o.a.j.s.SampleResult: sampleresult.useNanoTime=true
2022-11-15 10:59:24,516 INFO o.a.j.s.SampleResult: sampleresult.nanoThreadSleep=5000
2022-11-15 10:59:39,154 INFO o.a.j.e.StandardJMeterEngine: Running the test!
2022-11-15 10:59:39,154 INFO o.a.j.s.SampleEvent: List of sample_variables: []
2022-11-15 10:59:39,154 INFO o.a.j.s.SampleEvent: List of sample_variables: []
2022-11-15 10:59:39,155 INFO o.a.j.e.u.CompoundVariable: Note: Function class names must contain the string: '.functions.'
2022-11-15 10:59:39,155 INFO o.a.j.e.u.CompoundVariable: Note: Function class names must not contain the string: '.gui.'
2022-11-15 10:59:39,300 INFO o.a.j.g.u.JMeterMenuBar: setRunning(true, *local*)
2022-11-15 10:59:39,318 INFO o.a.j.e.StandardJMeterEngine: Starting ThreadGroup: 1 : peviitor.ro
2022-11-15 10:59:39,318 INFO o.a.j.e.StandardJMeterEngine: Starting 1 threads for group peviitor.ro.
2022-11-15 10:59:39,318 INFO o.a.j.e.StandardJMeterEngine: Thread will continue on error
2022-11-15 10:59:39,318 INFO o.a.j.t.ThreadGroup: Starting thread group... number=1 threads=1 ramp-up=1 delayedStart=false
2022-11-15 10:59:39,326 INFO o.a.j.t.ThreadGroup: Started thread group number 1
2022-11-15 10:59:39,327 INFO o.a.j.e.StandardJMeterEngine: All thread groups have been started
2022-11-15 10:59:39,332 INFO o.a.j.t.JMeterThread: Thread started: peviitor.ro 1-1
2022-11-15 10:59:39,337 INFO o.a.j.p.h.s.HTTPHCAbstractImpl: Local host = EPROBUCW00F1
2022-11-15 10:59:39,341 INFO o.a.j.p.h.s.HTTPHC4Impl: HTTP request retry count = 0
2022-11-15 10:59:39,524 INFO o.a.j.p.h.s.h.LazyLayeredConnectionSocketFactory: Setting up HTTPS TrustAll Socket Factory
2022-11-15 10:59:39,527 INFO o.a.j.u.JsseSSLManager: Using default SSL protocol: TLS
2022-11-15 10:59:39,527 INFO o.a.j.u.JsseSSLManager: SSL session context: per-thread
2022-11-15 10:59:39,567 INFO o.a.j.u.SSLManager: JmeterKeyStore Location:  type JKS
2022-11-15 10:59:39,568 INFO o.a.j.u.SSLManager: KeyStore created OK
2022-11-15 10:59:39,568 WARN o.a.j.u.SSLManager: Keystore file not found, loading empty keystore
2022-11-15 10:59:40,975 INFO o.a.j.t.JMeterThread: Thread is done: peviitor.ro 1-1
2022-11-15 10:59:40,977 INFO o.a.j.t.JMeterThread: Thread finished: peviitor.ro 1-1
2022-11-15 10:59:40,979 INFO o.a.j.e.StandardJMeterEngine: Notifying test listeners of end of test
2022-11-15 10:59:40,979 INFO o.a.j.g.u.JMeterMenuBar: setRunning(false, *local*)
